[2023-11-10 22:02:30.384] [jointLog] [info] setting maxHashResizeThreads to 8
[2023-11-10 22:02:30.384] [jointLog] [info] Fragment incompatibility prior below threshold.  Incompatible fragments will be ignored.
[2023-11-10 22:02:30.384] [jointLog] [info] Usage of --validateMappings implies use of minScoreFraction. Since not explicitly specified, it is being set to 0.65
[2023-11-10 22:02:30.384] [jointLog] [info] Setting consensusSlack to selective-alignment default of 0.35.
[2023-11-10 22:02:30.384] [jointLog] [info] parsing read library format
[2023-11-10 22:02:30.386] [jointLog] [info] There is 1 library.
[2023-11-10 22:02:30.391] [jointLog] [info] Loading pufferfish index
[2023-11-10 22:02:30.392] [jointLog] [info] Loading dense pufferfish index.
[2023-11-10 22:02:34.356] [jointLog] [info] done
[2023-11-10 22:02:34.550] [jointLog] [info] Index contained 251,955 targets
[2023-11-10 22:02:40.186] [jointLog] [info] Number of decoys : 0
[2023-11-10 22:02:52.228] [jointLog] [info] Automatically detected most likely library type as ISF

[2023-11-10 22:17:51.589] [jointLog] [info] Thread saw mini-batch with a maximum of 3.70% zero probability fragments
[2023-11-10 22:17:51.736] [jointLog] [info] Thread saw mini-batch with a maximum of 3.68% zero probability fragments
[2023-11-10 22:17:51.831] [jointLog] [info] Thread saw mini-batch with a maximum of 3.78% zero probability fragments
[2023-11-10 22:17:52.292] [jointLog] [info] Thread saw mini-batch with a maximum of 3.70% zero probability fragments
[2023-11-10 22:17:52.431] [jointLog] [info] Thread saw mini-batch with a maximum of 3.66% zero probability fragments
[2023-11-10 22:17:52.517] [jointLog] [info] Thread saw mini-batch with a maximum of 3.84% zero probability fragments
[2023-11-10 22:17:52.519] [jointLog] [info] Thread saw mini-batch with a maximum of 3.70% zero probability fragments
[2023-11-10 22:17:52.558] [jointLog] [info] Thread saw mini-batch with a maximum of 3.72% zero probability fragments
[2023-11-10 22:17:53.313] [jointLog] [info] Computed 307,376 rich equivalence classes for further processing
[2023-11-10 22:17:53.313] [jointLog] [info] Counted 13,187,973 total reads in the equivalence classes 
[2023-11-10 22:17:53.315] [fileLog] [info] 
At end of round 0
==================
Observed 23073548 total fragments (23073548 in most recent round)

[2023-11-10 22:17:53.322] [jointLog] [info] Number of mappings discarded because of alignment score : 53,816,803
[2023-11-10 22:17:53.322] [jointLog] [info] Number of fragments entirely discarded because of alignment score : 3,493,648
[2023-11-10 22:17:53.322] [jointLog] [info] Number of fragments discarded because they are best-mapped to decoys : 0
[2023-11-10 22:17:53.322] [jointLog] [info] Number of fragments discarded because they have only dovetail (discordant) mappings to valid targets : 3,875,772
[2023-11-10 22:17:53.322] [jointLog] [info] Mapping rate = 57.1562%

[2023-11-10 22:17:53.322] [jointLog] [info] finished quantifyLibrary()
[2023-11-10 22:17:53.349] [jointLog] [info] Starting optimizer
[2023-11-10 22:17:54.302] [jointLog] [info] Marked 0 weighted equivalence classes as degenerate
[2023-11-10 22:17:54.337] [jointLog] [info] iteration = 0 | max rel diff. = 3831.49
[2023-11-10 22:17:54.673] [jointLog] [info] iteration 11, adjusting effective lengths to account for biases
[2023-11-10 22:20:22.406] [jointLog] [info] Computed expected counts (for bias correction)
[2023-11-10 22:20:22.417] [jointLog] [info] processed bias for 0.1% of the transcripts
[2023-11-10 22:20:42.208] [jointLog] [info] processed bias for 10.0% of the transcripts
[2023-11-10 22:20:59.271] [jointLog] [info] processed bias for 20.0% of the transcripts
[2023-11-10 22:21:14.588] [jointLog] [info] processed bias for 30.0% of the transcripts
[2023-11-10 22:21:29.176] [jointLog] [info] processed bias for 40.0% of the transcripts
[2023-11-10 22:21:46.841] [jointLog] [info] processed bias for 50.0% of the transcripts
[2023-11-10 22:22:03.532] [jointLog] [info] processed bias for 60.0% of the transcripts
[2023-11-10 22:22:17.184] [jointLog] [info] processed bias for 70.0% of the transcripts
[2023-11-10 22:22:30.770] [jointLog] [info] processed bias for 80.0% of the transcripts
[2023-11-10 22:22:44.167] [jointLog] [info] processed bias for 90.0% of the transcripts
[2023-11-10 22:22:58.031] [jointLog] [info] processed bias for 100.0% of the transcripts
[2023-11-10 22:22:58.064] [jointLog] [info] processed bias for 100.0% of the transcripts
[2023-11-10 22:23:00.418] [jointLog] [info] iteration = 100 | max rel diff. = 20.464
[2023-11-10 22:23:04.183] [jointLog] [info] iteration = 200 | max rel diff. = 10.5351
[2023-11-10 22:23:06.493] [jointLog] [info] iteration = 300 | max rel diff. = 3.04726
[2023-11-10 22:23:08.771] [jointLog] [info] iteration = 400 | max rel diff. = 6.77497
[2023-11-10 22:23:11.158] [jointLog] [info] iteration = 500 | max rel diff. = 0.871481
[2023-11-10 22:23:13.348] [jointLog] [info] iteration = 600 | max rel diff. = 0.441926
[2023-11-10 22:23:15.654] [jointLog] [info] iteration = 700 | max rel diff. = 0.0731468
[2023-11-10 22:23:18.205] [jointLog] [info] iteration = 800 | max rel diff. = 0.388603
[2023-11-10 22:23:20.911] [jointLog] [info] iteration = 900 | max rel diff. = 0.0217265
[2023-11-10 22:23:23.578] [jointLog] [info] iteration = 1,000 | max rel diff. = 11.2006
[2023-11-10 22:23:25.824] [jointLog] [info] iteration = 1,100 | max rel diff. = 0.0627656
[2023-11-10 22:23:28.272] [jointLog] [info] iteration = 1,200 | max rel diff. = 0.0792179
[2023-11-10 22:23:29.782] [jointLog] [info] iteration = 1,272 | max rel diff. = 0.00474087
[2023-11-10 22:23:29.805] [jointLog] [info] Finished optimizer
[2023-11-10 22:23:29.805] [jointLog] [info] writing output 

