[2023-11-10 21:43:20.444] [jointLog] [info] setting maxHashResizeThreads to 8
[2023-11-10 21:43:20.444] [jointLog] [info] Fragment incompatibility prior below threshold.  Incompatible fragments will be ignored.
[2023-11-10 21:43:20.444] [jointLog] [info] Usage of --validateMappings implies use of minScoreFraction. Since not explicitly specified, it is being set to 0.65
[2023-11-10 21:43:20.444] [jointLog] [info] Setting consensusSlack to selective-alignment default of 0.35.
[2023-11-10 21:43:20.444] [jointLog] [info] parsing read library format
[2023-11-10 21:43:20.446] [jointLog] [info] There is 1 library.
[2023-11-10 21:43:20.447] [jointLog] [info] Loading pufferfish index
[2023-11-10 21:43:20.447] [jointLog] [info] Loading dense pufferfish index.
[2023-11-10 21:43:26.790] [jointLog] [info] done
[2023-11-10 21:43:27.229] [jointLog] [info] Index contained 251,955 targets
[2023-11-10 21:43:42.089] [jointLog] [info] Number of decoys : 0
[2023-11-10 21:44:03.332] [jointLog] [info] Automatically detected most likely library type as ISF

[2023-11-10 21:57:15.538] [jointLog] [info] Thread saw mini-batch with a maximum of 3.86% zero probability fragments
[2023-11-10 21:57:15.568] [jointLog] [info] Thread saw mini-batch with a maximum of 3.74% zero probability fragments
[2023-11-10 21:57:15.597] [jointLog] [info] Thread saw mini-batch with a maximum of 3.88% zero probability fragments
[2023-11-10 21:57:15.944] [jointLog] [info] Thread saw mini-batch with a maximum of 3.96% zero probability fragments
[2023-11-10 21:57:16.107] [jointLog] [info] Thread saw mini-batch with a maximum of 3.70% zero probability fragments
[2023-11-10 21:57:16.293] [jointLog] [info] Thread saw mini-batch with a maximum of 3.86% zero probability fragments
[2023-11-10 21:57:16.399] [jointLog] [info] Thread saw mini-batch with a maximum of 3.70% zero probability fragments
[2023-11-10 21:57:16.434] [jointLog] [info] Thread saw mini-batch with a maximum of 3.76% zero probability fragments
[2023-11-10 21:57:17.996] [fileLog] [info] 
At end of round 0
==================
Observed 24372010 total fragments (24372010 in most recent round)

[2023-11-10 21:57:17.995] [jointLog] [info] Computed 321,478 rich equivalence classes for further processing
[2023-11-10 21:57:17.995] [jointLog] [info] Counted 13,665,731 total reads in the equivalence classes 
[2023-11-10 21:57:18.003] [jointLog] [info] Number of mappings discarded because of alignment score : 106,248,909
[2023-11-10 21:57:18.004] [jointLog] [info] Number of fragments entirely discarded because of alignment score : 3,883,361
[2023-11-10 21:57:18.004] [jointLog] [info] Number of fragments discarded because they are best-mapped to decoys : 0
[2023-11-10 21:57:18.004] [jointLog] [info] Number of fragments discarded because they have only dovetail (discordant) mappings to valid targets : 4,646,356
[2023-11-10 21:57:18.004] [jointLog] [info] Mapping rate = 56.0714%

[2023-11-10 21:57:18.004] [jointLog] [info] finished quantifyLibrary()
[2023-11-10 21:57:18.044] [jointLog] [info] Starting optimizer
[2023-11-10 21:57:18.738] [jointLog] [info] Marked 0 weighted equivalence classes as degenerate
[2023-11-10 21:57:18.759] [jointLog] [info] iteration = 0 | max rel diff. = 3938.21
[2023-11-10 21:57:18.981] [jointLog] [info] iteration 11, adjusting effective lengths to account for biases
[2023-11-10 21:59:03.723] [jointLog] [info] Computed expected counts (for bias correction)
[2023-11-10 21:59:03.724] [jointLog] [info] processed bias for 0.0% of the transcripts
[2023-11-10 21:59:14.766] [jointLog] [info] processed bias for 10.0% of the transcripts
[2023-11-10 21:59:27.365] [jointLog] [info] processed bias for 20.0% of the transcripts
[2023-11-10 21:59:38.418] [jointLog] [info] processed bias for 30.0% of the transcripts
[2023-11-10 21:59:49.148] [jointLog] [info] processed bias for 40.0% of the transcripts
[2023-11-10 21:59:59.653] [jointLog] [info] processed bias for 50.0% of the transcripts
[2023-11-10 22:00:12.059] [jointLog] [info] processed bias for 60.0% of the transcripts
[2023-11-10 22:00:23.832] [jointLog] [info] processed bias for 70.0% of the transcripts
[2023-11-10 22:00:35.151] [jointLog] [info] processed bias for 80.0% of the transcripts
[2023-11-10 22:00:46.562] [jointLog] [info] processed bias for 90.0% of the transcripts
[2023-11-10 22:00:57.741] [jointLog] [info] processed bias for 100.0% of the transcripts
[2023-11-10 22:00:57.755] [jointLog] [info] processed bias for 100.0% of the transcripts
[2023-11-10 22:00:59.692] [jointLog] [info] iteration = 100 | max rel diff. = 10.3785
[2023-11-10 22:01:01.825] [jointLog] [info] iteration = 200 | max rel diff. = 15.7127
[2023-11-10 22:01:03.912] [jointLog] [info] iteration = 300 | max rel diff. = 1.08156
[2023-11-10 22:01:05.994] [jointLog] [info] iteration = 400 | max rel diff. = 9.92844
[2023-11-10 22:01:08.062] [jointLog] [info] iteration = 500 | max rel diff. = 8.35983
[2023-11-10 22:01:10.135] [jointLog] [info] iteration = 600 | max rel diff. = 0.369869
[2023-11-10 22:01:12.201] [jointLog] [info] iteration = 700 | max rel diff. = 1.06405
[2023-11-10 22:01:14.258] [jointLog] [info] iteration = 800 | max rel diff. = 0.130328
[2023-11-10 22:01:16.370] [jointLog] [info] iteration = 900 | max rel diff. = 0.145677
[2023-11-10 22:01:18.458] [jointLog] [info] iteration = 1,000 | max rel diff. = 2.91626
[2023-11-10 22:01:20.500] [jointLog] [info] iteration = 1,100 | max rel diff. = 0.128545
[2023-11-10 22:01:22.610] [jointLog] [info] iteration = 1,200 | max rel diff. = 0.171882
[2023-11-10 22:01:24.055] [jointLog] [info] iteration = 1,272 | max rel diff. = 0.00862917
[2023-11-10 22:01:24.072] [jointLog] [info] Finished optimizer
[2023-11-10 22:01:24.072] [jointLog] [info] writing output 

